{"/opt/hapigerjs/lib/driver-client.js":{"path":"/opt/hapigerjs/lib/driver-client.js","s":{"1":1,"2":1,"3":1,"4":1,"5":2,"6":1,"7":1,"8":1,"9":1,"10":1,"11":1,"12":1,"13":1,"14":1,"15":1,"16":6,"17":6,"18":6,"19":6,"20":6,"21":0,"22":6,"23":0,"24":0,"25":0,"26":1,"27":1,"28":1,"29":1,"30":1,"31":0,"32":0,"33":1,"34":1,"35":0,"36":0,"37":0,"38":1,"39":1,"40":1,"41":1,"42":1,"43":0,"44":0,"45":1,"46":1,"47":0,"48":0,"49":0,"50":1},"b":{"1":[1,1],"2":[1,1,1],"3":[1,1,1],"4":[1,0],"5":[1,0],"6":[0,6],"7":[0,0],"8":[0,1],"9":[0,0],"10":[0,1],"11":[0,0]},"f":{"1":2,"2":6,"3":6,"4":0,"5":1,"6":1,"7":0,"8":1,"9":1,"10":0},"fnMap":{"1":{"name":"Driver","line":7,"loc":{"start":{"line":7,"column":0},"end":{"line":7,"column":25}}},"2":{"name":"(anonymous_2)","line":26,"loc":{"start":{"line":26,"column":24},"end":{"line":26,"column":61}}},"3":{"name":"(anonymous_3)","line":29,"loc":{"start":{"line":29,"column":55},"end":{"line":29,"column":73}}},"4":{"name":"(anonymous_4)","line":36,"loc":{"start":{"line":36,"column":10},"end":{"line":36,"column":25}}},"5":{"name":"(anonymous_5)","line":44,"loc":{"start":{"line":44,"column":23},"end":{"line":44,"column":51}}},"6":{"name":"(anonymous_6)","line":48,"loc":{"start":{"line":48,"column":9},"end":{"line":48,"column":27}}},"7":{"name":"(anonymous_7)","line":57,"loc":{"start":{"line":57,"column":10},"end":{"line":57,"column":25}}},"8":{"name":"(anonymous_8)","line":66,"loc":{"start":{"line":66,"column":26},"end":{"line":66,"column":54}}},"9":{"name":"(anonymous_9)","line":70,"loc":{"start":{"line":70,"column":9},"end":{"line":70,"column":27}}},"10":{"name":"(anonymous_10)","line":79,"loc":{"start":{"line":79,"column":10},"end":{"line":79,"column":25}}}},"statementMap":{"1":{"start":{"line":3,"column":0},"end":{"line":3,"column":35}},"2":{"start":{"line":4,"column":0},"end":{"line":4,"column":56}},"3":{"start":{"line":5,"column":0},"end":{"line":5,"column":26}},"4":{"start":{"line":7,"column":0},"end":{"line":24,"column":1}},"5":{"start":{"line":8,"column":1},"end":{"line":10,"column":2}},"6":{"start":{"line":9,"column":2},"end":{"line":9,"column":80}},"7":{"start":{"line":11,"column":1},"end":{"line":14,"column":13}},"8":{"start":{"line":15,"column":1},"end":{"line":18,"column":2}},"9":{"start":{"line":16,"column":2},"end":{"line":16,"column":52}},"10":{"start":{"line":17,"column":2},"end":{"line":17,"column":40}},"11":{"start":{"line":19,"column":1},"end":{"line":22,"column":2}},"12":{"start":{"line":20,"column":2},"end":{"line":20,"column":41}},"13":{"start":{"line":21,"column":2},"end":{"line":21,"column":29}},"14":{"start":{"line":23,"column":1},"end":{"line":23,"column":60}},"15":{"start":{"line":26,"column":0},"end":{"line":42,"column":2}},"16":{"start":{"line":27,"column":1},"end":{"line":27,"column":34}},"17":{"start":{"line":28,"column":1},"end":{"line":28,"column":36}},"18":{"start":{"line":29,"column":1},"end":{"line":41,"column":4}},"19":{"start":{"line":30,"column":2},"end":{"line":30,"column":40}},"20":{"start":{"line":31,"column":2},"end":{"line":35,"column":3}},"21":{"start":{"line":32,"column":3},"end":{"line":32,"column":24}},"22":{"start":{"line":34,"column":3},"end":{"line":34,"column":15}},"23":{"start":{"line":37,"column":2},"end":{"line":39,"column":3}},"24":{"start":{"line":38,"column":3},"end":{"line":38,"column":24}},"25":{"start":{"line":40,"column":2},"end":{"line":40,"column":12}},"26":{"start":{"line":44,"column":0},"end":{"line":64,"column":2}},"27":{"start":{"line":45,"column":1},"end":{"line":45,"column":34}},"28":{"start":{"line":46,"column":1},"end":{"line":63,"column":4}},"29":{"start":{"line":49,"column":2},"end":{"line":49,"column":11}},"30":{"start":{"line":50,"column":2},"end":{"line":56,"column":3}},"31":{"start":{"line":51,"column":3},"end":{"line":51,"column":37}},"32":{"start":{"line":52,"column":3},"end":{"line":52,"column":24}},"33":{"start":{"line":54,"column":3},"end":{"line":54,"column":37}},"34":{"start":{"line":55,"column":3},"end":{"line":55,"column":15}},"35":{"start":{"line":58,"column":2},"end":{"line":62,"column":3}},"36":{"start":{"line":59,"column":3},"end":{"line":59,"column":17}},"37":{"start":{"line":61,"column":3},"end":{"line":61,"column":13}},"38":{"start":{"line":66,"column":0},"end":{"line":86,"column":2}},"39":{"start":{"line":67,"column":1},"end":{"line":67,"column":34}},"40":{"start":{"line":68,"column":1},"end":{"line":85,"column":4}},"41":{"start":{"line":71,"column":2},"end":{"line":71,"column":11}},"42":{"start":{"line":72,"column":2},"end":{"line":78,"column":3}},"43":{"start":{"line":73,"column":3},"end":{"line":73,"column":37}},"44":{"start":{"line":74,"column":3},"end":{"line":74,"column":24}},"45":{"start":{"line":76,"column":3},"end":{"line":76,"column":37}},"46":{"start":{"line":77,"column":3},"end":{"line":77,"column":15}},"47":{"start":{"line":80,"column":2},"end":{"line":84,"column":3}},"48":{"start":{"line":81,"column":3},"end":{"line":81,"column":17}},"49":{"start":{"line":83,"column":3},"end":{"line":83,"column":13}},"50":{"start":{"line":88,"column":0},"end":{"line":88,"column":24}}},"branchMap":{"1":{"line":8,"type":"if","locations":[{"start":{"line":8,"column":1},"end":{"line":8,"column":1}},{"start":{"line":8,"column":1},"end":{"line":8,"column":1}}]},"2":{"line":12,"type":"binary-expr","locations":[{"start":{"line":12,"column":7},"end":{"line":12,"column":18}},{"start":{"line":12,"column":22},"end":{"line":12,"column":47}},{"start":{"line":12,"column":51},"end":{"line":12,"column":69}}]},"3":{"line":13,"type":"binary-expr","locations":[{"start":{"line":13,"column":8},"end":{"line":13,"column":20}},{"start":{"line":13,"column":24},"end":{"line":13,"column":50}},{"start":{"line":13,"column":54},"end":{"line":13,"column":60}}]},"4":{"line":15,"type":"if","locations":[{"start":{"line":15,"column":1},"end":{"line":15,"column":1}},{"start":{"line":15,"column":1},"end":{"line":15,"column":1}}]},"5":{"line":19,"type":"if","locations":[{"start":{"line":19,"column":1},"end":{"line":19,"column":1}},{"start":{"line":19,"column":1},"end":{"line":19,"column":1}}]},"6":{"line":31,"type":"if","locations":[{"start":{"line":31,"column":2},"end":{"line":31,"column":2}},{"start":{"line":31,"column":2},"end":{"line":31,"column":2}}]},"7":{"line":37,"type":"if","locations":[{"start":{"line":37,"column":2},"end":{"line":37,"column":2}},{"start":{"line":37,"column":2},"end":{"line":37,"column":2}}]},"8":{"line":50,"type":"if","locations":[{"start":{"line":50,"column":2},"end":{"line":50,"column":2}},{"start":{"line":50,"column":2},"end":{"line":50,"column":2}}]},"9":{"line":58,"type":"if","locations":[{"start":{"line":58,"column":2},"end":{"line":58,"column":2}},{"start":{"line":58,"column":2},"end":{"line":58,"column":2}}]},"10":{"line":72,"type":"if","locations":[{"start":{"line":72,"column":2},"end":{"line":72,"column":2}},{"start":{"line":72,"column":2},"end":{"line":72,"column":2}}]},"11":{"line":80,"type":"if","locations":[{"start":{"line":80,"column":2},"end":{"line":80,"column":2}},{"start":{"line":80,"column":2},"end":{"line":80,"column":2}}]}}},"/opt/hapigerjs/gulpfile.js":{"path":"/opt/hapigerjs/gulpfile.js","s":{"1":0,"2":0,"3":0,"4":0},"b":{},"f":{"1":0},"fnMap":{"1":{"name":"(anonymous_1)","line":4,"loc":{"start":{"line":4,"column":21},"end":{"line":4,"column":31}}}},"statementMap":{"1":{"start":{"line":1,"column":0},"end":{"line":1,"column":29}},"2":{"start":{"line":2,"column":0},"end":{"line":2,"column":36}},"3":{"start":{"line":4,"column":0},"end":{"line":8,"column":3}},"4":{"start":{"line":5,"column":1},"end":{"line":7,"column":35}}},"branchMap":{}}}