TN:
SF:/opt/hapigerjs/lib/driver-client.js
FN:7,Driver
FN:26,(anonymous_2)
FN:29,(anonymous_3)
FN:36,(anonymous_4)
FN:44,(anonymous_5)
FN:48,(anonymous_6)
FN:57,(anonymous_7)
FN:66,(anonymous_8)
FN:70,(anonymous_9)
FN:79,(anonymous_10)
FNF:10
FNH:7
FNDA:3,Driver
FNDA:12,(anonymous_2)
FNDA:12,(anonymous_3)
FNDA:0,(anonymous_4)
FNDA:2,(anonymous_5)
FNDA:2,(anonymous_6)
FNDA:0,(anonymous_7)
FNDA:2,(anonymous_8)
FNDA:2,(anonymous_9)
FNDA:0,(anonymous_10)
DA:3,1
DA:4,1
DA:5,1
DA:7,1
DA:8,3
DA:9,1
DA:11,2
DA:15,2
DA:16,2
DA:17,2
DA:19,2
DA:20,2
DA:21,2
DA:23,2
DA:26,1
DA:27,12
DA:28,12
DA:29,12
DA:30,12
DA:31,12
DA:32,6
DA:34,6
DA:37,0
DA:38,0
DA:40,0
DA:44,1
DA:45,2
DA:46,2
DA:49,2
DA:50,2
DA:51,1
DA:52,1
DA:54,1
DA:55,1
DA:58,0
DA:59,0
DA:61,0
DA:66,1
DA:67,2
DA:68,2
DA:71,2
DA:72,2
DA:73,1
DA:74,1
DA:76,1
DA:77,1
DA:80,0
DA:81,0
DA:83,0
DA:88,1
LF:50
LH:41
BRDA:8,1,0,1
BRDA:8,1,1,2
BRDA:12,2,0,2
BRDA:12,2,1,2
BRDA:12,2,2,2
BRDA:13,3,0,2
BRDA:13,3,1,2
BRDA:13,3,2,2
BRDA:15,4,0,2
BRDA:15,4,1,0
BRDA:19,5,0,2
BRDA:19,5,1,0
BRDA:31,6,0,6
BRDA:31,6,1,6
BRDA:37,7,0,0
BRDA:37,7,1,0
BRDA:50,8,0,1
BRDA:50,8,1,1
BRDA:58,9,0,0
BRDA:58,9,1,0
BRDA:72,10,0,1
BRDA:72,10,1,1
BRDA:80,11,0,0
BRDA:80,11,1,0
BRF:24
BRH:16
end_of_record
